This is pdfTeX, Version 3.141592653-2.6-1.40.25 (MiKTeX 24.1) (preloaded format=pdflatex 2025.10.5)  30 APR 2026 20:30
entering extended mode
 restricted \write18 enabled.
 %&-line parsing enabled.
**D:\Documents\learn-with-towhid\learn-with-towhid-frontend\app\sorting\animate
-[slug]\[slug]\page.tsx

! Emergency stop.
<to be read again> 
                   \protect 
<*> ...owhid-frontend\app\sorting\animate-[slug]\[
                                                  slug]\page.tsx
*** (job aborted, file error in nonstop mode)

 
Here is how much of TeX's memory you used:
 2 strings out of 476402
 52 string characters out of 5794300
 1924542 words of memory out of 5000000
 22152 multiletter control sequences out of 15000+600000
 558069 words of font info for 36 fonts, out of 8000000 for 9000
 14 hyphenation exceptions out of 8191
 2i,0n,1p,1b,6s stack positions out of 10000i,1000n,20000p,200000b,200000s
!  ==> Fatal error occurred, no output PDF file produced!
